Performing C SOURCE FILE Test CMAKE_HAVE_LIBC_PTHREAD failed with the following output:
Change Dir: /home/hoss/Documents/algorithms/transferOut/server/build/CMakeFiles/CMakeTmp

Run Build Command(s):/usr/bin/ninja cmTC_3f200 && [1/2] Building C object CMakeFiles/cmTC_3f200.dir/src.c.o
[2/2] Linking C executable cmTC_3f200
FAILED: cmTC_3f200 
: && /usr/bin/clang-6.0 -DCMAKE_HAVE_LIBC_PTHREAD  -rdynamic CMakeFiles/cmTC_3f200.dir/src.c.o  -o cmTC_3f200   && :
CMakeFiles/cmTC_3f200.dir/src.c.o: In function `main':
src.c:(.text+0x32): undefined reference to `pthread_create'
src.c:(.text+0x3e): undefined reference to `pthread_detach'
src.c:(.text+0x50): undefined reference to `pthread_join'
src.c:(.text+0x67): undefined reference to `pthread_atfork'
clang: error: linker command failed with exit code 1 (use -v to see invocation)
ninja: build stopped: subcommand failed.


Source file was:
#include <pthread.h>

void* test_func(void* data)
{
  return data;
}

int main(void)
{
  pthread_t thread;
  pthread_create(&thread, NULL, test_func, NULL);
  pthread_detach(thread);
  pthread_join(thread, NULL);
  pthread_atfork(NULL, NULL, NULL);
  pthread_exit(NULL);

  return 0;
}

Determining if the function pthread_create exists in the pthreads failed with the following output:
Change Dir: /home/hoss/Documents/algorithms/transferOut/server/build/CMakeFiles/CMakeTmp

Run Build Command(s):/usr/bin/ninja cmTC_e74b0 && [1/2] Building C object CMakeFiles/cmTC_e74b0.dir/CheckFunctionExists.c.o
[2/2] Linking C executable cmTC_e74b0
FAILED: cmTC_e74b0 
: && /usr/bin/clang-6.0 -DCHECK_FUNCTION_EXISTS=pthread_create  -rdynamic CMakeFiles/cmTC_e74b0.dir/CheckFunctionExists.c.o  -o cmTC_e74b0  -lpthreads && :
/usr/bin/ld: cannot find -lpthreads
clang: error: linker command failed with exit code 1 (use -v to see invocation)
ninja: build stopped: subcommand failed.



